{"/home/lumusitech/dev/backend/node/tutorials/fer-herrera/cero-a-experto/04-testing/src/plugins/get-age.plugin.ts": {"path":"/home/lumusitech/dev/backend/node/tutorials/fer-herrera/cero-a-experto/04-testing/src/plugins/get-age.plugin.ts","all":false,"statementMap":{"0":{"start":{"line":1,"column":0},"end":{"line":1,"column":43}},"1":{"start":{"line":2,"column":0},"end":{"line":2,"column":0}},"2":{"start":{"line":3,"column":0},"end":{"line":3,"column":46}},"3":{"start":{"line":4,"column":0},"end":{"line":4,"column":36}},"4":{"start":{"line":5,"column":0},"end":{"line":5,"column":69}},"5":{"start":{"line":6,"column":0},"end":{"line":6,"column":1}}},"s":{"0":1,"1":1,"2":1,"3":3,"4":3,"5":3},"branchMap":{"0":{"type":"branch","line":3,"loc":{"start":{"line":3,"column":22},"end":{"line":6,"column":1}},"locations":[{"start":{"line":3,"column":22},"end":{"line":6,"column":1}}]}},"b":{"0":[3]},"fnMap":{"0":{"name":"getAge","decl":{"start":{"line":3,"column":22},"end":{"line":6,"column":1}},"loc":{"start":{"line":3,"column":22},"end":{"line":6,"column":1}},"line":3}},"f":{"0":3}}
}
